<?xml version="1.0" encoding="UTF-8"?>
<!-- Generated by org.testng.reporters.JUnitXMLReporter -->
<testsuite ignored="0" hostname="MR-ROBOT" failures="0" tests="3" name="Submit Order Test" time="48.47" errors="0" timestamp="2025-05-28T12:36:10 PDT">
  <testcase classname="Projects.FrameWorkDevelopment.SubmitOrderTest" name="submittest" time="14.88"/>
  <testcase classname="Projects.FrameWorkDevelopment.SubmitOrderTest" name="submittest" time="14.477"/>
  <testcase classname="Projects.FrameWorkDevelopment.SubmitOrderTest" name="OrderHistoryTest" time="1.217"/>
</testsuite> <!-- Submit Order Test -->
